# JRE version: Java(TM) SE Runtime Environment (8.0_101-b13) (build 1.8.0_101-b13)
# Java VM: Java HotSpot(TM) Client VM (25.101-b13 mixed mode, sharing windows-x86 )
Heap:
 def new generation   total 17280K, used 7909K [0x20200000, 0x214b0000, 0x35750000)
  eden space 15424K,  51% used [0x20200000, 0x209b97f8, 0x21110000)
  from space 1856K,   0% used [0x21110000, 0x21110000, 0x212e0000)
  to   space 1856K,   0% used [0x212e0000, 0x212e0000, 0x214b0000)
 tenured generation   total 38212K, used 38212K [0x35750000, 0x37ca1000, 0x60200000)
   the space 38212K, 100% used [0x35750000, 0x37ca1000, 0x37ca1000, 0x37ca1000)
 Metaspace       used 1551K, capacity 3494K, committed 3520K, reserved 5504K
GC Heap History (10 events):
Event: 6.698 GC heap after
Heap after GC invocations=33 (full 3):
 def new generation   total 14784K, used 1466K [0x20200000, 0x21200000, 0x35750000)
  eden space 13184K,  11% used [0x20200000, 0x2036e918, 0x20ee0000)
  from space 1600K,   0% used [0x20ee0000, 0x20ee0000, 0x21070000)
  to   space 1600K,   0% used [0x21070000, 0x21070000, 0x21200000)
 tenured generation   total 32708K, used 32708K [0x35750000, 0x37741000, 0x60200000)
   the space 32708K, 100% used [0x35750000, 0x37741000, 0x37741000, 0x37741000)
 Metaspace       used 1521K, capacity 3494K, committed 3520K, reserved 4480K
}
Event: 6.758 GC heap before
{Heap before GC invocations=33 (full 3):
 def new generation   total 14784K, used 13184K [0x20200000, 0x21200000, 0x35750000)
  eden space 13184K, 100% used [0x20200000, 0x20ee0000, 0x20ee0000)
  from space 1600K,   0% used [0x20ee0000, 0x20ee0000, 0x21070000)
  to   space 1600K,   0% used [0x21070000, 0x21070000, 0x21200000)
 tenured generation   total 32708K, used 32708K [0x35750000, 0x37741000, 0x60200000)
   the space 32708K, 100% used [0x35750000, 0x37741000, 0x37741000, 0x37741000)
 Metaspace       used 1521K, capacity 3494K, committed 3520K, reserved 4480K
Event: 7.076 GC heap after
Heap after GC invocations=34 (full 4):
 def new generation   total 15552K, used 0K [0x20200000, 0x212e0000, 0x35750000)
  eden space 13824K,   0% used [0x20200000, 0x20200000, 0x20f80000)
  from space 1728K,   0% used [0x20f80000, 0x20f80000, 0x21130000)
  to   space 1728K,   0% used [0x21130000, 0x21130000, 0x212e0000)
 tenured generation   total 34500K, used 34412K [0x35750000, 0x37901000, 0x60200000)
   the space 34500K,  99% used [0x35750000, 0x378eb230, 0x378eb400, 0x37901000)
 Metaspace       used 1521K, capacity 3494K, committed 3520K, reserved 4480K
}
Event: 7.143 GC heap before
{Heap before GC invocations=34 (full 4):
 def new generation   total 15552K, used 13824K [0x20200000, 0x212e0000, 0x35750000)
  eden space 13824K, 100% used [0x20200000, 0x20f80000, 0x20f80000)
  from space 1728K,   0% used [0x20f80000, 0x20f80000, 0x21130000)
  to   space 1728K,   0% used [0x21130000, 0x21130000, 0x212e0000)
 tenured generation   total 34500K, used 34412K [0x35750000, 0x37901000, 0x60200000)
   the space 34500K,  99% used [0x35750000, 0x378eb230, 0x378eb400, 0x37901000)
 Metaspace       used 1521K, capacity 3494K, committed 3520K, reserved 4480K
Event: 7.379 GC heap after
Heap after GC invocations=35 (full 5):
 def new generation   total 15680K, used 1656K [0x20200000, 0x21300000, 0x35750000)
  eden space 13952K,  11% used [0x20200000, 0x2039e000, 0x20fa0000)
  from space 1728K,   0% used [0x20fa0000, 0x20fa0000, 0x21150000)
  to   space 1728K,   0% used [0x21150000, 0x21150000, 0x21300000)
 tenured generation   total 34756K, used 34732K [0x35750000, 0x37941000, 0x60200000)
   the space 34756K,  99% used [0x35750000, 0x3793b080, 0x3793b200, 0x37941000)
 Metaspace       used 1521K, capacity 3494K, committed 3520K, reserved 4480K
}
Event: 7.436 GC heap before
{Heap before GC invocations=35 (full 5):
 def new generation   total 15680K, used 13952K [0x20200000, 0x21300000, 0x35750000)
  eden space 13952K, 100% used [0x20200000, 0x20fa0000, 0x20fa0000)
  from space 1728K,   0% used [0x20fa0000, 0x20fa0000, 0x21150000)
  to   space 1728K,   0% used [0x21150000, 0x21150000, 0x21300000)
 tenured generation   total 34756K, used 34732K [0x35750000, 0x37941000, 0x60200000)
   the space 34756K,  99% used [0x35750000, 0x3793b080, 0x3793b200, 0x37941000)
 Metaspace       used 1521K, capacity 3494K, committed 3520K, reserved 4480K
Event: 7.727 GC heap after
Heap after GC invocations=36 (full 6):
 def new generation   total 16448K, used 1697K [0x20200000, 0x213d0000, 0x35750000)
  eden space 14656K,  11% used [0x20200000, 0x203a8418, 0x21050000)
  from space 1792K,   0% used [0x21050000, 0x21050000, 0x21210000)
  to   space 1792K,   0% used [0x21210000, 0x21210000, 0x213d0000)
 tenured generation   total 36420K, used 36408K [0x35750000, 0x37ae1000, 0x60200000)
   the space 36420K,  99% used [0x35750000, 0x37ade340, 0x37ade400, 0x37ae1000)
 Metaspace       used 1521K, capacity 3494K, committed 3520K, reserved 4480K
}
Event: 7.811 GC heap before
{Heap before GC invocations=36 (full 6):
 def new generation   total 16448K, used 14656K [0x20200000, 0x213d0000, 0x35750000)
  eden space 14656K, 100% used [0x20200000, 0x21050000, 0x21050000)
  from space 1792K,   0% used [0x21050000, 0x21050000, 0x21210000)
  to   space 1792K,   0% used [0x21210000, 0x21210000, 0x213d0000)
 tenured generation   total 36420K, used 36408K [0x35750000, 0x37ae1000, 0x60200000)
   the space 36420K,  99% used [0x35750000, 0x37ade340, 0x37ade400, 0x37ae1000)
 Metaspace       used 1522K, capacity 3494K, committed 3520K, reserved 4480K
Event: 8.132 GC heap after
Heap after GC invocations=37 (full 7):
 def new generation   total 17280K, used 1645K [0x20200000, 0x214b0000, 0x35750000)
  eden space 15424K,  10% used [0x20200000, 0x2039b690, 0x21110000)
  from space 1856K,   0% used [0x21110000, 0x21110000, 0x212e0000)
  to   space 1856K,   0% used [0x212e0000, 0x212e0000, 0x214b0000)
 tenured generation   total 38212K, used 38212K [0x35750000, 0x37ca1000, 0x60200000)
   the space 38212K, 100% used [0x35750000, 0x37ca1000, 0x37ca1000, 0x37ca1000)
 Metaspace       used 1522K, capacity 3494K, committed 3520K, reserved 4480K
}
Event: 10.925 GC heap before
{Heap before GC invocations=37 (full 7):
 def new generation   total 17280K, used 7909K [0x20200000, 0x214b0000, 0x35750000)
  eden space 15424K,  51% used [0x20200000, 0x209b97f8, 0x21110000)
  from space 1856K,   0% used [0x21110000, 0x21110000, 0x212e0000)
  to   space 1856K,   0% used [0x212e0000, 0x212e0000, 0x214b0000)
 tenured generation   total 38212K, used 38212K [0x35750000, 0x37ca1000, 0x60200000)
   the space 38212K, 100% used [0x35750000, 0x37ca1000, 0x37ca1000, 0x37ca1000)
 Metaspace       used 1551K, capacity 3494K, committed 3520K, reserved 5504K

